<!DOCTYPE html PUBLIC "-//W3C//DTD XHTML 1.1//EN" "http://www.w3.org/TR/xhtml11/DTD/xhtml11.dtd">
<html xmlns="http://www.w3.org/1999/xhtml">
<head>
<meta http-equiv="content-type" content="text/html; charset=UTF-8"/>
<title>TestNG Report</title>
<style type="text/css">table {margin-bottom:10px;border-collapse:collapse;empty-cells:show}th,td {border:1px solid #009;padding:.25em .5em}th {vertical-align:bottom}td {vertical-align:top}table a {font-weight:bold}.stripe td {background-color: #E6EBF9}.num {text-align:right}.passedodd td {background-color: #3F3}.passedeven td {background-color: #0A0}.skippedodd td {background-color: #DDD}.skippedeven td {background-color: #CCC}.failedodd td,.attn {background-color: #F33}.failedeven td,.stripe .attn {background-color: #D00}.stacktrace {white-space:pre;font-family:monospace}.totop {font-size:85%;text-align:center;border-bottom:2px solid #000}.invisible {display:none}</style>
</head>
<body>
<table>
<tr><th>Test</th><th># Passed</th><th># Skipped</th><th># Failed</th><th>Time (ms)</th><th>Included Groups</th><th>Excluded Groups</th></tr>
<tr><th colspan="7">Surefire suite</th></tr>
<tr><td><a href="#t0">Surefire test</a></td><td class="num">0</td><td class="num attn">3</td><td class="num">0</td><td class="num">574</td><td></td><td></td></tr>
</table>
<table id='summary'><thead><tr><th>Class</th><th>Method</th><th>Start</th><th>Time (ms)</th></tr></thead><tbody><tr><th colspan="4">Surefire suite</th></tr></tbody><tbody id="t0"><tr><th colspan="4">Surefire test &#8212; failed (configuration methods)</th></tr><tr class="failedeven"><td rowspan="3">com.sample.test.TestCase1</td><td><a href="#m0">killServer</a></td><td rowspan="1">1528783698342</td><td rowspan="1">1</td></tr><tr class="failedeven"><td><a href="#m1">startApp</a></td><td rowspan="1">1528783698332</td><td rowspan="1">4</td></tr><tr class="failedeven"><td><a href="#m2">startWebDriverServer</a></td><td rowspan="1">1528783698283</td><td rowspan="1">0</td></tr><tr class="failedodd"><td rowspan="3">com.sample.test.TestCase2</td><td><a href="#m3">killServer</a></td><td rowspan="1">1528783698836</td><td rowspan="1">1</td></tr><tr class="failedodd"><td><a href="#m4">startApp</a></td><td rowspan="1">1528783698834</td><td rowspan="1">1</td></tr><tr class="failedodd"><td><a href="#m5">startWebDriverServer</a></td><td rowspan="1">1528783698832</td><td rowspan="1">0</td></tr><tr class="failedeven"><td rowspan="3">com.sample.test.TestCase3</td><td><a href="#m6">killServer</a></td><td rowspan="1">1528783698841</td><td rowspan="1">1</td></tr><tr class="failedeven"><td><a href="#m7">startApp</a></td><td rowspan="1">1528783698840</td><td rowspan="1">0</td></tr><tr class="failedeven"><td><a href="#m8">startWebDriverServer</a></td><td rowspan="1">1528783698838</td><td rowspan="1">0</td></tr><tr><th colspan="4">Surefire test &#8212; skipped</th></tr><tr class="skippedeven"><td rowspan="1">com.sample.test.TestCase1</td><td><a href="#m9">testValidLogin</a></td><td rowspan="1">1528783698341</td><td rowspan="1">0</td></tr><tr class="skippedodd"><td rowspan="1">com.sample.test.TestCase2</td><td><a href="#m10">testInValidLogin</a></td><td rowspan="1">1528783698836</td><td rowspan="1">0</td></tr><tr class="skippedeven"><td rowspan="1">com.sample.test.TestCase3</td><td><a href="#m11">testSkipLogin</a></td><td rowspan="1">1528783698841</td><td rowspan="1">0</td></tr></tbody>
</table>
<h2>Surefire test</h2><h3 id="m0">com.sample.test.TestCase1#killServer</h3><table class="result"><tr class="param"><th>Parameter #1</th></tr><tr class="param stripe"><td>[TestResult name={null} status=CREATED method=TestCase1.testValidLogin()[pri:0, instance:[TestCase1 passed=0 failed=0 skipped=0]] output={null}]</td></tr><tr><th>Exception</th></tr><tr><td><div class="stacktrace">java.lang.NullPointerException
	at com.autofusionweb.manager.BrowserConfiguration.getDeviceModel(BrowserConfiguration.java:64)
	at com.autofusionweb.manager.WebDriverManager.getDeviceModel(WebDriverManager.java:211)
	at com.autofusionweb.manager.WebDriverManager.endLogTestResults(WebDriverManager.java:204)
	at com.autofusionweb.config.AutoFusionWeb.killServer(AutoFusionWeb.java:28)
... Removed 32 stack frames</div></td></tr></table><p class="totop"><a href="#summary">back to summary</a></p>
<h3 id="m1">com.sample.test.TestCase1#startApp</h3><table class="result"><tr class="param"><th>Parameter #1</th></tr><tr class="param stripe"><td>public void com.sample.test.TestCase1.testValidLogin() throws java.lang.InterruptedException,java.io.IOException,com.autofusionweb.config.TestCaseFailed</td></tr><tr><th>Exception</th></tr><tr><td><div class="stacktrace">java.lang.NullPointerException
	at com.autofusionweb.manager.WebDriverManager.setAuthorName(WebDriverManager.java:180)
	at com.autofusionweb.manager.WebDriverManager.startWebDriverInParallel(WebDriverManager.java:144)
	at com.autofusionweb.config.AutoFusionWeb.startApp(AutoFusionWeb.java:22)
... Removed 32 stack frames</div></td></tr></table><p class="totop"><a href="#summary">back to summary</a></p>
<h3 id="m2">com.sample.test.TestCase1#startWebDriverServer</h3><table class="result"><tr><th>Exception</th></tr><tr><td><div class="stacktrace">org.testng.TestNGException: 
Parameter &apos;browser&apos; is required by BeforeClass on method startWebDriverServer but has not been marked @Optional or defined

... Removed 27 stack frames</div></td></tr></table><p class="totop"><a href="#summary">back to summary</a></p>
<h3 id="m3">com.sample.test.TestCase2#killServer</h3><table class="result"><tr class="param"><th>Parameter #1</th></tr><tr class="param stripe"><td>[TestResult name={null} status=CREATED method=TestCase2.testInValidLogin()[pri:0, instance:[TestCase2 passed=0 failed=0 skipped=0]] output={null}]</td></tr><tr><th>Exception</th></tr><tr><td><div class="stacktrace">java.lang.NullPointerException
	at com.autofusionweb.manager.BrowserConfiguration.getDeviceModel(BrowserConfiguration.java:64)
	at com.autofusionweb.manager.WebDriverManager.getDeviceModel(WebDriverManager.java:211)
	at com.autofusionweb.manager.WebDriverManager.endLogTestResults(WebDriverManager.java:204)
	at com.autofusionweb.config.AutoFusionWeb.killServer(AutoFusionWeb.java:28)
... Removed 32 stack frames</div></td></tr></table><p class="totop"><a href="#summary">back to summary</a></p>
<h3 id="m4">com.sample.test.TestCase2#startApp</h3><table class="result"><tr class="param"><th>Parameter #1</th></tr><tr class="param stripe"><td>public void com.sample.test.TestCase2.testInValidLogin() throws java.lang.InterruptedException,java.io.IOException,com.autofusionweb.config.TestCaseFailed</td></tr><tr><th>Exception</th></tr><tr><td><div class="stacktrace">java.lang.NullPointerException
	at com.autofusionweb.manager.WebDriverManager.setAuthorName(WebDriverManager.java:180)
	at com.autofusionweb.manager.WebDriverManager.startWebDriverInParallel(WebDriverManager.java:144)
	at com.autofusionweb.config.AutoFusionWeb.startApp(AutoFusionWeb.java:22)
... Removed 32 stack frames</div></td></tr></table><p class="totop"><a href="#summary">back to summary</a></p>
<h3 id="m5">com.sample.test.TestCase2#startWebDriverServer</h3><table class="result"><tr><th>Exception</th></tr><tr><td><div class="stacktrace">org.testng.TestNGException: 
Parameter &apos;browser&apos; is required by BeforeClass on method startWebDriverServer but has not been marked @Optional or defined

... Removed 27 stack frames</div></td></tr></table><p class="totop"><a href="#summary">back to summary</a></p>
<h3 id="m6">com.sample.test.TestCase3#killServer</h3><table class="result"><tr class="param"><th>Parameter #1</th></tr><tr class="param stripe"><td>[TestResult name={null} status=CREATED method=TestCase3.testSkipLogin()[pri:0, instance:[TestCase3 passed=0 failed=0 skipped=0]] output={null}]</td></tr><tr><th>Exception</th></tr><tr><td><div class="stacktrace">java.lang.NullPointerException
	at com.autofusionweb.manager.BrowserConfiguration.getDeviceModel(BrowserConfiguration.java:64)
	at com.autofusionweb.manager.WebDriverManager.getDeviceModel(WebDriverManager.java:211)
	at com.autofusionweb.manager.WebDriverManager.endLogTestResults(WebDriverManager.java:204)
	at com.autofusionweb.config.AutoFusionWeb.killServer(AutoFusionWeb.java:28)
... Removed 32 stack frames</div></td></tr></table><p class="totop"><a href="#summary">back to summary</a></p>
<h3 id="m7">com.sample.test.TestCase3#startApp</h3><table class="result"><tr class="param"><th>Parameter #1</th></tr><tr class="param stripe"><td>public void com.sample.test.TestCase3.testSkipLogin() throws java.lang.InterruptedException,java.io.IOException,com.autofusionweb.config.TestCaseFailed</td></tr><tr><th>Exception</th></tr><tr><td><div class="stacktrace">java.lang.NullPointerException
	at com.autofusionweb.manager.WebDriverManager.setAuthorName(WebDriverManager.java:180)
	at com.autofusionweb.manager.WebDriverManager.startWebDriverInParallel(WebDriverManager.java:144)
	at com.autofusionweb.config.AutoFusionWeb.startApp(AutoFusionWeb.java:22)
... Removed 32 stack frames</div></td></tr></table><p class="totop"><a href="#summary">back to summary</a></p>
<h3 id="m8">com.sample.test.TestCase3#startWebDriverServer</h3><table class="result"><tr><th>Exception</th></tr><tr><td><div class="stacktrace">org.testng.TestNGException: 
Parameter &apos;browser&apos; is required by BeforeClass on method startWebDriverServer but has not been marked @Optional or defined

... Removed 27 stack frames</div></td></tr></table><p class="totop"><a href="#summary">back to summary</a></p>
<h3 id="m9">com.sample.test.TestCase1#testValidLogin</h3><table class="result"><tr><th>Exception</th></tr><tr><td><div class="stacktrace">java.lang.NullPointerException
	at com.autofusionweb.manager.WebDriverManager.setAuthorName(WebDriverManager.java:180)
	at com.autofusionweb.manager.WebDriverManager.startWebDriverInParallel(WebDriverManager.java:144)
	at com.autofusionweb.config.AutoFusionWeb.startApp(AutoFusionWeb.java:22)
... Removed 32 stack frames</div></td></tr></table><p class="totop"><a href="#summary">back to summary</a></p>
<h3 id="m10">com.sample.test.TestCase2#testInValidLogin</h3><table class="result"><tr><th>Exception</th></tr><tr><td><div class="stacktrace">org.testng.TestNGException: 
Parameter &apos;browser&apos; is required by BeforeClass on method startWebDriverServer but has not been marked @Optional or defined

... Removed 27 stack frames</div></td></tr></table><p class="totop"><a href="#summary">back to summary</a></p>
<h3 id="m11">com.sample.test.TestCase3#testSkipLogin</h3><table class="result"><tr><th>Exception</th></tr><tr><td><div class="stacktrace">java.lang.NullPointerException
	at com.autofusionweb.manager.WebDriverManager.setAuthorName(WebDriverManager.java:180)
	at com.autofusionweb.manager.WebDriverManager.startWebDriverInParallel(WebDriverManager.java:144)
	at com.autofusionweb.config.AutoFusionWeb.startApp(AutoFusionWeb.java:22)
... Removed 32 stack frames</div></td></tr></table><p class="totop"><a href="#summary">back to summary</a></p>
</body>
</html>
