<?xml version="1.0" encoding="UTF-8"?>
<!-- Generated by org.testng.reporters.JUnitXMLReporter -->
<testsuite hostname="DEL1-DHP-28236" ignored="0" name="Surefire test" tests="3" failures="0" timestamp="12 Jun 2018 06:08:18 GMT" time="0.574" errors="0">
  <testcase name="@BeforeClass startWebDriverServer" time="0.0" classname="com.autofusionweb.manager.WebDriverManager">
    <failure type="org.testng.TestNGException" message="
Parameter &amp;apos;browser&amp;apos; is required by BeforeClass on method startWebDriverServer but has not been marked @Optional or defined
">
      <![CDATA[org.testng.TestNGException: Parameter 'browser' is required by BeforeClass on method startWebDriverServer but has not been marked @Optional or defined... Removed 27 stack frames]]>
    </failure>
  </testcase> <!-- @BeforeClass startWebDriverServer -->
  <testcase name="@BeforeMethod startApp" time="0.004" classname="com.autofusionweb.config.AutoFusionWeb">
    <failure type="java.lang.NullPointerException">
      <![CDATA[java.lang.NullPointerExceptionat com.autofusionweb.manager.WebDriverManager.setAuthorName(WebDriverManager.java:180)at com.autofusionweb.manager.WebDriverManager.startWebDriverInParallel(WebDriverManager.java:144)at com.autofusionweb.config.AutoFusionWeb.startApp(AutoFusionWeb.java:22)... Removed 32 stack frames]]>
    </failure>
  </testcase> <!-- @BeforeMethod startApp -->
  <testcase name="@AfterMethod killServer" time="0.001" classname="com.autofusionweb.config.AutoFusionWeb">
    <failure type="java.lang.NullPointerException">
      <![CDATA[java.lang.NullPointerExceptionat com.autofusionweb.manager.BrowserConfiguration.getDeviceModel(BrowserConfiguration.java:64)at com.autofusionweb.manager.WebDriverManager.getDeviceModel(WebDriverManager.java:211)at com.autofusionweb.manager.WebDriverManager.endLogTestResults(WebDriverManager.java:204)at com.autofusionweb.config.AutoFusionWeb.killServer(AutoFusionWeb.java:28)... Removed 32 stack frames]]>
    </failure>
  </testcase> <!-- @AfterMethod killServer -->
  <testcase name="@BeforeClass startWebDriverServer" time="0.0" classname="com.autofusionweb.manager.WebDriverManager">
    <failure type="org.testng.TestNGException" message="
Parameter &amp;apos;browser&amp;apos; is required by BeforeClass on method startWebDriverServer but has not been marked @Optional or defined
">
      <![CDATA[org.testng.TestNGException: Parameter 'browser' is required by BeforeClass on method startWebDriverServer but has not been marked @Optional or defined... Removed 27 stack frames]]>
    </failure>
  </testcase> <!-- @BeforeClass startWebDriverServer -->
  <testcase name="@BeforeMethod startApp" time="0.001" classname="com.autofusionweb.config.AutoFusionWeb">
    <failure type="java.lang.NullPointerException">
      <![CDATA[java.lang.NullPointerExceptionat com.autofusionweb.manager.WebDriverManager.setAuthorName(WebDriverManager.java:180)at com.autofusionweb.manager.WebDriverManager.startWebDriverInParallel(WebDriverManager.java:144)at com.autofusionweb.config.AutoFusionWeb.startApp(AutoFusionWeb.java:22)... Removed 32 stack frames]]>
    </failure>
  </testcase> <!-- @BeforeMethod startApp -->
  <testcase name="@AfterMethod killServer" time="0.001" classname="com.autofusionweb.config.AutoFusionWeb">
    <failure type="java.lang.NullPointerException">
      <![CDATA[java.lang.NullPointerExceptionat com.autofusionweb.manager.BrowserConfiguration.getDeviceModel(BrowserConfiguration.java:64)at com.autofusionweb.manager.WebDriverManager.getDeviceModel(WebDriverManager.java:211)at com.autofusionweb.manager.WebDriverManager.endLogTestResults(WebDriverManager.java:204)at com.autofusionweb.config.AutoFusionWeb.killServer(AutoFusionWeb.java:28)... Removed 32 stack frames]]>
    </failure>
  </testcase> <!-- @AfterMethod killServer -->
  <testcase name="@BeforeClass startWebDriverServer" time="0.0" classname="com.autofusionweb.manager.WebDriverManager">
    <failure type="org.testng.TestNGException" message="
Parameter &amp;apos;browser&amp;apos; is required by BeforeClass on method startWebDriverServer but has not been marked @Optional or defined
">
      <![CDATA[org.testng.TestNGException: Parameter 'browser' is required by BeforeClass on method startWebDriverServer but has not been marked @Optional or defined... Removed 27 stack frames]]>
    </failure>
  </testcase> <!-- @BeforeClass startWebDriverServer -->
  <testcase name="@BeforeMethod startApp" time="0.0" classname="com.autofusionweb.config.AutoFusionWeb">
    <failure type="java.lang.NullPointerException">
      <![CDATA[java.lang.NullPointerExceptionat com.autofusionweb.manager.WebDriverManager.setAuthorName(WebDriverManager.java:180)at com.autofusionweb.manager.WebDriverManager.startWebDriverInParallel(WebDriverManager.java:144)at com.autofusionweb.config.AutoFusionWeb.startApp(AutoFusionWeb.java:22)... Removed 32 stack frames]]>
    </failure>
  </testcase> <!-- @BeforeMethod startApp -->
  <testcase name="@AfterMethod killServer" time="0.001" classname="com.autofusionweb.config.AutoFusionWeb">
    <failure type="java.lang.NullPointerException">
      <![CDATA[java.lang.NullPointerExceptionat com.autofusionweb.manager.BrowserConfiguration.getDeviceModel(BrowserConfiguration.java:64)at com.autofusionweb.manager.WebDriverManager.getDeviceModel(WebDriverManager.java:211)at com.autofusionweb.manager.WebDriverManager.endLogTestResults(WebDriverManager.java:204)at com.autofusionweb.config.AutoFusionWeb.killServer(AutoFusionWeb.java:28)... Removed 32 stack frames]]>
    </failure>
  </testcase> <!-- @AfterMethod killServer -->
  <testcase name="testValidLogin on [TestCase1 passed=0 failed=0 skipped=0]" time="0.0" classname="com.sample.test.TestCase1">
    <skipped/>
  </testcase> <!-- testValidLogin on [TestCase1 passed=0 failed=0 skipped=0] -->
  <testcase name="testInValidLogin on [TestCase2 passed=0 failed=0 skipped=0]" time="0.0" classname="com.sample.test.TestCase2">
    <skipped/>
  </testcase> <!-- testInValidLogin on [TestCase2 passed=0 failed=0 skipped=0] -->
  <testcase name="testSkipLogin on [TestCase3 passed=0 failed=0 skipped=0]" time="0.0" classname="com.sample.test.TestCase3">
    <skipped/>
  </testcase> <!-- testSkipLogin on [TestCase3 passed=0 failed=0 skipped=0] -->
</testsuite> <!-- Surefire test -->
