<?xml version="1.0" encoding="UTF-8"?>
<!-- Generated by org.testng.reporters.JUnitXMLReporter -->
<testsuite hostname="DEL1-DHP-28236" ignored="0" name="TestNG Test0" tests="3" failures="1" timestamp="12 Jun 2018 11:13:25 GMT" time="116.754" errors="0">
  <testcase name="testValidLogin on [TestCase1 passed=0 failed=0 skipped=0]" time="65.625" classname="com.sample.test.TestCase1"/>
  <testcase name="testInValidLogin on [TestCase2 passed=0 failed=0 skipped=0]" time="20.384" classname="com.sample.test.TestCase2">
    <failure type="org.openqa.selenium.TimeoutException" message="Expected condition failed: waiting for presence of element located by: By.xpath: //input[@id=&amp;apos;txtUsername&amp;apos;] (tried for 10 second(s) with 500 milliseconds interval)">
      <![CDATA[org.openqa.selenium.TimeoutException: Expected condition failed: waiting for presence of element located by: By.xpath: //input[@id='txtUsername'] (tried for 10 second(s) with 500 milliseconds interval)at org.openqa.selenium.support.ui.WebDriverWait.timeoutException(WebDriverWait.java:81)at org.openqa.selenium.support.ui.FluentWait.until(FluentWait.java:271)at com.autofusionweb.config.CommonWebMethods.isElementDisplayed(CommonWebMethods.java:758)at com.sample.pages.LoginMethods.loginWithInValidCredential(LoginMethods.java:76)at com.sample.test.TestCase2.testInValidLogin(TestCase2.java:21)at sun.reflect.NativeMethodAccessorImpl.invoke0(Native Method)at sun.reflect.NativeMethodAccessorImpl.invoke(NativeMethodAccessorImpl.java:62)at sun.reflect.DelegatingMethodAccessorImpl.invoke(DelegatingMethodAccessorImpl.java:43)at java.lang.reflect.Method.invoke(Method.java:498)at org.testng.internal.MethodInvocationHelper.invokeMethod(MethodInvocationHelper.java:124)at org.testng.internal.Invoker.invokeMethod(Invoker.java:571)at org.testng.internal.Invoker.invokeTestMethod(Invoker.java:707)at org.testng.internal.Invoker.invokeTestMethods(Invoker.java:979)at org.testng.internal.TestMethodWorker.invokeTestMethods(TestMethodWorker.java:125)at org.testng.internal.TestMethodWorker.run(TestMethodWorker.java:109)at org.testng.TestRunner.privateRun(TestRunner.java:648)at org.testng.TestRunner.run(TestRunner.java:505)at org.testng.SuiteRunner.runTest(SuiteRunner.java:455)at org.testng.SuiteRunner.access$000(SuiteRunner.java:40)at org.testng.SuiteRunner$SuiteWorker.run(SuiteRunner.java:489)at org.testng.internal.thread.ThreadUtil$1.call(ThreadUtil.java:52)at java.util.concurrent.FutureTask.run(FutureTask.java:266)at java.util.concurrent.ThreadPoolExecutor.runWorker(ThreadPoolExecutor.java:1149)at java.util.concurrent.ThreadPoolExecutor$Worker.run(ThreadPoolExecutor.java:624)at java.lang.Thread.run(Thread.java:748)Caused by: org.openqa.selenium.NoSuchElementException: Cannot locate an element using By.xpath: //input[@id='txtUsername']For documentation on this error, please visit: http://seleniumhq.org/exceptions/no_such_element.htmlBuild info: version: 'unknown', revision: 'unknown', time: 'unknown'System info: host: 'DEL1-DHP-28236', ip: '172.28.138.121', os.name: 'Windows 7', os.arch: 'amd64', os.version: '6.1', java.version: '1.8.0_161'Driver info: driver.version: unknownat org.openqa.selenium.support.ui.ExpectedConditions.lambda$findElement$0(ExpectedConditions.java:896)at java.util.Optional.orElseThrow(Optional.java:290)at org.openqa.selenium.support.ui.ExpectedConditions.findElement(ExpectedConditions.java:895)at org.openqa.selenium.support.ui.ExpectedConditions.access$000(ExpectedConditions.java:44)at org.openqa.selenium.support.ui.ExpectedConditions$6.apply(ExpectedConditions.java:183)at org.openqa.selenium.support.ui.ExpectedConditions$6.apply(ExpectedConditions.java:180)at org.openqa.selenium.support.ui.FluentWait.until(FluentWait.java:248)... 23 more]]>
    </failure>
  </testcase> <!-- testInValidLogin on [TestCase2 passed=0 failed=0 skipped=0] -->
  <testcase name="testSkipLogin on [TestCase3 passed=0 failed=0 skipped=0]" time="0.0" classname="com.sample.test.TestCase3">
    <skipped/>
  </testcase> <!-- testSkipLogin on [TestCase3 passed=0 failed=0 skipped=0] -->
</testsuite> <!-- TestNG Test0 -->
